<?xml version="1.0" encoding="UTF-8"?>
<testng-results total="6" passed="2" failed="0" skipped="4">
  <reporter-output>
  </reporter-output>
  <suite started-at="2022-03-03T13:00:37Z" name="TestSuite" finished-at="2022-03-03T13:04:13Z" duration-ms="216695">
    <groups>
    </groups>
    <test started-at="2022-03-03T13:00:37Z" name="FirefoxTest" finished-at="2022-03-03T13:00:41Z" duration-ms="4586">
      <class name="Exercise.Exercise.AppTest">
        <test-method is-config="true" signature="setup(java.lang.String)[pri:0, instance:Exercise.Exercise.AppTest@24c4ddae]" started-at="2022-03-03T18:30:37Z" name="setup" finished-at="2022-03-03T18:30:37Z" duration-ms="0" status="FAIL">
          <params>
            <param index="0">
              <value>
                <![CDATA[Firefox]]>
              </value>
            </param>
          </params>
          <exception class="org.openqa.selenium.WebDriverException">
            <message>
              <![CDATA[Cannot find firefox binary in PATH. Make sure firefox is installed. OS appears to be: WIN10
Build info: version: '3.141.59', revision: 'e82be7d358', time: '2018-11-14T08:17:03'
System info: host: 'NTS-SUWARNAJ', ip: '192.168.36.213', os.name: 'Windows 10', os.arch: 'amd64', os.version: '10.0', java.version: '11'
Driver info: driver.version: FirefoxDriver]]>
            </message>
            <full-stacktrace>
              <![CDATA[org.openqa.selenium.WebDriverException: Cannot find firefox binary in PATH. Make sure firefox is installed. OS appears to be: WIN10
Build info: version: '3.141.59', revision: 'e82be7d358', time: '2018-11-14T08:17:03'
System info: host: 'NTS-SUWARNAJ', ip: '192.168.36.213', os.name: 'Windows 10', os.arch: 'amd64', os.version: '10.0', java.version: '11'
Driver info: driver.version: FirefoxDriver
	at org.openqa.selenium.firefox.FirefoxBinary.<init>(FirefoxBinary.java:100)
	at java.base/java.util.Optional.orElseGet(Optional.java:369)
	at org.openqa.selenium.firefox.FirefoxOptions.getBinary(FirefoxOptions.java:216)
	at org.openqa.selenium.firefox.FirefoxDriver.toExecutor(FirefoxDriver.java:187)
	at org.openqa.selenium.firefox.FirefoxDriver.<init>(FirefoxDriver.java:147)
	at org.openqa.selenium.firefox.FirefoxDriver.<init>(FirefoxDriver.java:125)
	at Utilities.Browser_Launch.browser_launch(Browser_Launch.java:30)
	at Exercise.Exercise.AppTest.setup(AppTest.java:21)
	at java.base/jdk.internal.reflect.NativeMethodAccessorImpl.invoke0(Native Method)
	at java.base/jdk.internal.reflect.NativeMethodAccessorImpl.invoke(NativeMethodAccessorImpl.java:62)
	at java.base/jdk.internal.reflect.DelegatingMethodAccessorImpl.invoke(DelegatingMethodAccessorImpl.java:43)
	at java.base/java.lang.reflect.Method.invoke(Method.java:566)
	at org.testng.internal.MethodInvocationHelper.invokeMethod(MethodInvocationHelper.java:80)
	at org.testng.internal.Invoker.invokeConfigurationMethod(Invoker.java:564)
	at org.testng.internal.Invoker.invokeConfigurations(Invoker.java:213)
	at org.testng.internal.Invoker.invokeConfigurations(Invoker.java:138)
	at org.testng.TestRunner.beforeRun(TestRunner.java:641)
	at org.testng.TestRunner.run(TestRunner.java:609)
	at org.testng.SuiteRunner.runTest(SuiteRunner.java:334)
	at org.testng.SuiteRunner.access$000(SuiteRunner.java:37)
	at org.testng.SuiteRunner$SuiteWorker.run(SuiteRunner.java:368)
	at org.testng.internal.thread.ThreadUtil$2.call(ThreadUtil.java:64)
	at java.base/java.util.concurrent.FutureTask.run(FutureTask.java:264)
	at java.base/java.util.concurrent.ThreadPoolExecutor.runWorker(ThreadPoolExecutor.java:1128)
	at java.base/java.util.concurrent.ThreadPoolExecutor$Worker.run(ThreadPoolExecutor.java:628)
	at java.base/java.lang.Thread.run(Thread.java:834)
]]>
            </full-stacktrace>
          </exception> <!-- org.openqa.selenium.WebDriverException -->
          <reporter-output>
          </reporter-output>
        </test-method> <!-- setup -->
        <test-method signature="Recarga_Celular()[pri:0, instance:Exercise.Exercise.AppTest@24c4ddae]" started-at="2022-03-03T18:30:41Z" name="Recarga_Celular" finished-at="2022-03-03T18:30:41Z" duration-ms="2" status="SKIP">
          <reporter-output>
          </reporter-output>
        </test-method> <!-- Recarga_Celular -->
        <test-method signature="payment_process()[pri:0, instance:Exercise.Exercise.AppTest@24c4ddae]" started-at="2022-03-03T18:30:41Z" name="payment_process" finished-at="2022-03-03T18:30:41Z" duration-ms="2" status="SKIP">
          <reporter-output>
          </reporter-output>
        </test-method> <!-- payment_process -->
        <test-method is-config="true" signature="tearDown()[pri:0, instance:Exercise.Exercise.AppTest@24c4ddae]" started-at="2022-03-03T18:30:41Z" name="tearDown" finished-at="2022-03-03T18:30:41Z" duration-ms="0" status="SKIP">
          <reporter-output>
          </reporter-output>
        </test-method> <!-- tearDown -->
      </class> <!-- Exercise.Exercise.AppTest -->
    </test> <!-- FirefoxTest -->
    <test started-at="2022-03-03T13:00:42Z" name="EdgeTest" finished-at="2022-03-03T13:00:42Z" duration-ms="244">
      <class name="Exercise.Exercise.AppTest">
        <test-method is-config="true" signature="setup(java.lang.String)[pri:0, instance:Exercise.Exercise.AppTest@4e07b95f]" started-at="2022-03-03T18:30:42Z" name="setup" finished-at="2022-03-03T18:30:42Z" duration-ms="0" status="FAIL">
          <params>
            <param index="0">
              <value>
                <![CDATA[Edge]]>
              </value>
            </param>
          </params>
          <exception class="java.lang.IllegalStateException">
            <message>
              <![CDATA[The driver executable does not exist: C:\Users\NTS-suwarna\eclipse-workspace\Exercise\.\MicrosoftWebDriver.exe]]>
            </message>
            <full-stacktrace>
              <![CDATA[java.lang.IllegalStateException: The driver executable does not exist: C:\Users\NTS-suwarna\eclipse-workspace\Exercise\.\MicrosoftWebDriver.exe
	at com.google.common.base.Preconditions.checkState(Preconditions.java:585)
	at org.openqa.selenium.remote.service.DriverService.checkExecutable(DriverService.java:146)
	at org.openqa.selenium.remote.service.DriverService.findExecutable(DriverService.java:141)
	at org.openqa.selenium.edge.EdgeDriverService.access$000(EdgeDriverService.java:37)
	at org.openqa.selenium.edge.EdgeDriverService$Builder.findDefaultExecutable(EdgeDriverService.java:90)
	at org.openqa.selenium.remote.service.DriverService$Builder.build(DriverService.java:355)
	at org.openqa.selenium.edge.EdgeDriverService.createDefaultService(EdgeDriverService.java:70)
	at org.openqa.selenium.edge.EdgeDriver.<init>(EdgeDriver.java:96)
	at Utilities.Browser_Launch.browser_launch(Browser_Launch.java:62)
	at Exercise.Exercise.AppTest.setup(AppTest.java:21)
	at java.base/jdk.internal.reflect.NativeMethodAccessorImpl.invoke0(Native Method)
	at java.base/jdk.internal.reflect.NativeMethodAccessorImpl.invoke(NativeMethodAccessorImpl.java:62)
	at java.base/jdk.internal.reflect.DelegatingMethodAccessorImpl.invoke(DelegatingMethodAccessorImpl.java:43)
	at java.base/java.lang.reflect.Method.invoke(Method.java:566)
	at org.testng.internal.MethodInvocationHelper.invokeMethod(MethodInvocationHelper.java:80)
	at org.testng.internal.Invoker.invokeConfigurationMethod(Invoker.java:564)
	at org.testng.internal.Invoker.invokeConfigurations(Invoker.java:213)
	at org.testng.internal.Invoker.invokeConfigurations(Invoker.java:138)
	at org.testng.TestRunner.beforeRun(TestRunner.java:641)
	at org.testng.TestRunner.run(TestRunner.java:609)
	at org.testng.SuiteRunner.runTest(SuiteRunner.java:334)
	at org.testng.SuiteRunner.access$000(SuiteRunner.java:37)
	at org.testng.SuiteRunner$SuiteWorker.run(SuiteRunner.java:368)
	at org.testng.internal.thread.ThreadUtil$2.call(ThreadUtil.java:64)
	at java.base/java.util.concurrent.FutureTask.run(FutureTask.java:264)
	at java.base/java.util.concurrent.ThreadPoolExecutor.runWorker(ThreadPoolExecutor.java:1128)
	at java.base/java.util.concurrent.ThreadPoolExecutor$Worker.run(ThreadPoolExecutor.java:628)
	at java.base/java.lang.Thread.run(Thread.java:834)
]]>
            </full-stacktrace>
          </exception> <!-- java.lang.IllegalStateException -->
          <reporter-output>
          </reporter-output>
        </test-method> <!-- setup -->
        <test-method signature="Recarga_Celular()[pri:0, instance:Exercise.Exercise.AppTest@4e07b95f]" started-at="2022-03-03T18:30:42Z" name="Recarga_Celular" finished-at="2022-03-03T18:30:42Z" duration-ms="16" status="SKIP">
          <reporter-output>
          </reporter-output>
        </test-method> <!-- Recarga_Celular -->
        <test-method signature="payment_process()[pri:0, instance:Exercise.Exercise.AppTest@4e07b95f]" started-at="2022-03-03T18:30:42Z" name="payment_process" finished-at="2022-03-03T18:30:42Z" duration-ms="7" status="SKIP">
          <reporter-output>
          </reporter-output>
        </test-method> <!-- payment_process -->
        <test-method is-config="true" signature="tearDown()[pri:0, instance:Exercise.Exercise.AppTest@4e07b95f]" started-at="2022-03-03T18:30:42Z" name="tearDown" finished-at="2022-03-03T18:30:42Z" duration-ms="0" status="SKIP">
          <reporter-output>
          </reporter-output>
        </test-method> <!-- tearDown -->
      </class> <!-- Exercise.Exercise.AppTest -->
    </test> <!-- EdgeTest -->
    <test started-at="2022-03-03T13:00:37Z" name="ChromeTest" finished-at="2022-03-03T13:04:13Z" duration-ms="216695">
      <class name="Exercise.Exercise.AppTest">
        <test-method is-config="true" signature="setup(java.lang.String)[pri:0, instance:Exercise.Exercise.AppTest@4f4c4b1a]" started-at="2022-03-03T18:30:37Z" name="setup" finished-at="2022-03-03T18:31:58Z" duration-ms="81309" status="PASS">
          <params>
            <param index="0">
              <value>
                <![CDATA[Chrome]]>
              </value>
            </param>
          </params>
          <reporter-output>
          </reporter-output>
        </test-method> <!-- setup -->
        <test-method signature="Recarga_Celular()[pri:0, instance:Exercise.Exercise.AppTest@4f4c4b1a]" started-at="2022-03-03T18:31:58Z" name="Recarga_Celular" finished-at="2022-03-03T18:32:25Z" duration-ms="26655" status="PASS">
          <reporter-output>
          </reporter-output>
        </test-method> <!-- Recarga_Celular -->
        <test-method signature="payment_process()[pri:0, instance:Exercise.Exercise.AppTest@4f4c4b1a]" started-at="2022-03-03T18:32:25Z" name="payment_process" finished-at="2022-03-03T18:34:07Z" duration-ms="102887" status="PASS">
          <reporter-output>
          </reporter-output>
        </test-method> <!-- payment_process -->
        <test-method is-config="true" signature="tearDown()[pri:0, instance:Exercise.Exercise.AppTest@4f4c4b1a]" started-at="2022-03-03T18:34:07Z" name="tearDown" finished-at="2022-03-03T18:34:13Z" duration-ms="5805" status="PASS">
          <reporter-output>
          </reporter-output>
        </test-method> <!-- tearDown -->
      </class> <!-- Exercise.Exercise.AppTest -->
    </test> <!-- ChromeTest -->
  </suite> <!-- TestSuite -->
</testng-results>
